<?xml version="1.0" encoding="UTF-8"?>
<!-- Generated by org.testng.reporters.JUnitReportReporter -->
<testsuite hostname="inbl01lap7116" failures="0" tests="1" name="com.corp.qa.testcases.LoginPageTest1" time="14.887" errors="0" timestamp="2022-02-19T18:21:57 IST" skipped="0">
  <testcase classname="com.corp.qa.testcases.LoginPageTest1" name="validateLoginnnn" time="14.887"/>
  <system-out/>
</testsuite> <!-- com.corp.qa.testcases.LoginPageTest1 -->
