<?xml version="1.0" encoding="UTF-8"?>
<!-- Generated by org.testng.reporters.JUnitReportReporter -->
<testsuite hostname="inbl01lap7116" failures="0" tests="1" name="com.corp.qa.testcases.LoginPageTest1" time="13.749" errors="0" timestamp="2022-03-02T20:47:05 IST" skipped="0">
  <testcase classname="com.corp.qa.testcases.LoginPageTest1" name="validateLoginnnn" time="13.749"/>
  <system-out/>
</testsuite> <!-- com.corp.qa.testcases.LoginPageTest1 -->
