<?xml version="1.0" encoding="UTF-8"?>
<!-- Generated by org.testng.reporters.JUnitReportReporter -->
<testsuite hostname="inbl01lap7116" failures="0" tests="1" name="TestCases.VerifyLogoutTestCase" time="1.017" errors="0" timestamp="2022-03-03T10:18:06 IST" skipped="0">
  <testcase classname="TestCases.VerifyLogoutTestCase" name="validateLogin" time="1.017"/>
  <system-out/>
</testsuite> <!-- TestCases.VerifyLogoutTestCase -->
