<?xml version="1.0" encoding="UTF-8"?>
<!-- Generated by org.testng.reporters.JUnitReportReporter -->
<testsuite hostname="inbl01lap7191" failures="0" tests="1" name="DataBaseConnectionSql.SQLConnector" time="0.012" errors="0" timestamp="19 Feb 2022 14:39:11 GMT" skipped="0">
  <testcase classname="DataBaseConnectionSql.SQLConnector" name="test" time="0.012"/>
</testsuite> <!-- DataBaseConnectionSql.SQLConnector -->
